<?xml version="1.0" encoding="UTF-8"?>
<!-- Generated by org.testng.reporters.JUnitReportReporter -->
<testsuite hostname="DESKTOP-KT46ULE" failures="0" tests="3" name="campaignTestPractice.DataproviderPractice" time="0.018" errors="0" timestamp="2025-08-21T17:32:32 IST" skipped="0">
  <testcase classname="campaignTestPractice.DataproviderPractice" name="login" time="0.001"/>
  <testcase classname="campaignTestPractice.DataproviderPractice" name="login" time="0.002"/>
  <testcase classname="campaignTestPractice.DataproviderPractice" name="login" time="0.015"/>
</testsuite> <!-- campaignTestPractice.DataproviderPractice -->
